23:54:40: Creating resource group General
23:54:40: Creating resource group Internal
23:54:40: Creating resource group Autodetect
23:54:40: SceneManagerFactory for type 'DefaultSceneManager' registered.
23:54:40: Registering ResourceManager for type Material
23:54:40: Registering ResourceManager for type Mesh
23:54:40: Registering ResourceManager for type Skeleton
23:54:40: MovableObjectFactory for type 'ParticleSystem' registered.
23:54:40: ArchiveFactory for archive type FileSystem registered.
23:54:40: ArchiveFactory for archive type Zip registered.
23:54:40: ArchiveFactory for archive type EmbeddedZip registered.
23:54:40: DDS codec registering
23:54:40: FreeImage version: 3.18.0
23:54:40: This program uses FreeImage, a free, open source image library supporting all common bitmap formats. See http://freeimage.sourceforge.net for details
23:54:40: Supported formats: bmp,ico,jpg,jif,jpeg,jpe,jng,koa,iff,lbm,mng,pbm,pbm,pcd,pcx,pgm,pgm,png,ppm,ppm,ras,tga,targa,tif,tiff,wap,wbmp,wbm,psd,psb,cut,xbm,xpm,gif,hdr,g3,sgi,rgb,rgba,bw,exr,j2k,j2c,jp2,pfm,pct,pict,pic,3fr,arw,bay,bmq,cap,cine,cr2,crw,cs1,dc2,dcr,drf,dsc,dng,erf,fff,ia,iiq,k25,kc2,kdc,mdc,mef,mos,mrw,nef,nrw,orf,pef,ptx,pxn,qtk,raf,raw,rdc,rw2,rwl,rwz,sr2,srf,srw,sti,x3f,webp,jxr,wdp,hdp
23:54:40: ETC codec registering
23:54:40: Registering ResourceManager for type HighLevelGpuProgram
23:54:40: Registering ResourceManager for type Compositor
23:54:40: MovableObjectFactory for type 'Entity' registered.
23:54:40: MovableObjectFactory for type 'Light' registered.
23:54:40: MovableObjectFactory for type 'BillboardSet' registered.
23:54:40: MovableObjectFactory for type 'ManualObject' registered.
23:54:40: MovableObjectFactory for type 'BillboardChain' registered.
23:54:40: MovableObjectFactory for type 'RibbonTrail' registered.
23:54:40: Loading library .\RenderSystem_GL_d
23:54:40: Installing plugin: GL RenderSystem
23:54:40: OpenGL Rendering Subsystem created.
23:54:40: Plugin successfully installed
23:54:40: Loading library .\Plugin_OctreeSceneManager_d
23:54:40: Installing plugin: Octree Scene Manager
23:54:40: Plugin successfully installed
23:54:40: *-*-* OGRE Initialising
23:54:40: *-*-* Version 1.9.0 (Ghadamon)
23:54:40: CPU Identifier & Features
23:54:40: -------------------------
23:54:40:  *   CPU ID: GenuineIntel: Intel(R) Core(TM) i7-4710MQ CPU @ 2.50GHz
23:54:40:  *      SSE: yes
23:54:40:  *     SSE2: yes
23:54:40:  *     SSE3: yes
23:54:40:  *      MMX: yes
23:54:40:  *   MMXEXT: yes
23:54:40:  *    3DNOW: no
23:54:40:  * 3DNOWEXT: no
23:54:40:  *     CMOV: yes
23:54:40:  *      TSC: yes
23:54:40:  *      FPU: yes
23:54:40:  *      PRO: yes
23:54:40:  *       HT: no
23:54:40: -------------------------
23:54:40: *** Starting Win32GL Subsystem ***
23:54:40: Registering ResourceManager for type Texture
23:54:40: GLRenderSystem::_createRenderWindow "Game Framework : Copyleft by Dae-Hyun Lee", 1024x768 windowed  miscParams: FSAA=0 FSAAHint= colourDepth=32 displayFrequency=0 gamma=false vsync=false vsyncInterval=1 
23:54:40: Created Win32Window 'Game Framework : Copyleft by Dae-Hyun Lee' : 1040x807, 32bpp
23:54:40: GL_VERSION = 4.3.0 - Build 20.19.15.4331
23:54:40: GL_VENDOR = Intel
23:54:40: GL_RENDERER = Intel(R) HD Graphics 4600
23:54:40: GL_EXTENSIONS = GL_EXT_blend_minmax GL_EXT_blend_subtract GL_EXT_blend_color GL_EXT_abgr GL_EXT_texture3D GL_EXT_clip_volume_hint GL_EXT_compiled_vertex_array GL_SGIS_texture_edge_clamp GL_SGIS_generate_mipmap GL_EXT_draw_range_elements GL_SGIS_texture_lod GL_EXT_rescale_normal GL_EXT_packed_pixels GL_EXT_texture_edge_clamp GL_EXT_separate_specular_color GL_ARB_multitexture GL_ARB_map_buffer_alignment GL_ARB_conservative_depth GL_EXT_texture_env_combine GL_EXT_bgra GL_EXT_blend_func_separate GL_EXT_secondary_color GL_EXT_fog_coord GL_EXT_texture_env_add GL_ARB_texture_cube_map GL_ARB_transpose_matrix GL_ARB_internalformat_query GL_ARB_internalformat_query2 GL_ARB_texture_env_add GL_IBM_texture_mirrored_repeat GL_ARB_texture_mirrored_repeat GL_EXT_multi_draw_arrays GL_SUN_multi_draw_arrays GL_NV_blend_square GL_ARB_texture_compression GL_3DFX_texture_compression_FXT1 GL_EXT_texture_filter_anisotropic GL_ARB_texture_border_clamp GL_ARB_point_parameters GL_ARB_texture_env_combine GL_ARB_texture_env_dot3 GL_ARB_texture_env_crossbar GL_EXT_texture_compression_s3tc GL_ARB_shadow GL_ARB_window_pos GL_EXT_shadow_funcs GL_EXT_stencil_wrap GL_ARB_vertex_program GL_EXT_texture_rectangle GL_ARB_fragment_program GL_EXT_stencil_two_side GL_ATI_separate_stencil GL_ARB_vertex_buffer_object GL_EXT_texture_lod_bias GL_ARB_occlusion_query GL_ARB_fragment_shader GL_ARB_shader_objects GL_ARB_shading_language_100 GL_ARB_texture_non_power_of_two GL_ARB_vertex_shader GL_NV_texgen_reflection GL_ARB_point_sprite GL_ARB_fragment_program_shadow GL_EXT_blend_equation_separate GL_ARB_depth_texture GL_ARB_texture_rectangle GL_ARB_draw_buffers GL_ARB_color_buffer_float GL_ARB_half_float_pixel GL_ARB_texture_float GL_ARB_pixel_buffer_object GL_EXT_framebuffer_object GL_ARB_draw_instanced GL_ARB_half_float_vertex GL_ARB_occlusion_query2 GL_EXT_draw_buffers2 GL_WIN_swap_hint GL_EXT_texture_sRGB GL_ARB_multisample GL_EXT_packed_float GL_EXT_texture_shared_exponent GL_ARB_texture_rg GL_ARB_texture_compression_rgtc GL_NV_conditional_render GL_ARB_texture_swizzle GL_EXT_texture_swizzle GL_ARB_texture_gather GL_ARB_sync GL_ARB_cl_event GL_ARB_framebuffer_sRGB GL_EXT_packed_depth_stencil GL_ARB_depth_buffer_float GL_EXT_transform_feedback GL_ARB_transform_feedback2 GL_ARB_draw_indirect GL_EXT_framebuffer_blit GL_EXT_framebuffer_multisample GL_ARB_framebuffer_object GL_ARB_framebuffer_no_attachments GL_EXT_texture_array GL_EXT_texture_integer GL_ARB_map_buffer_range GL_ARB_texture_buffer_range GL_EXT_texture_snorm GL_ARB_blend_func_extended GL_INTEL_performance_query GL_ARB_copy_buffer GL_ARB_sampler_objects GL_NV_primitive_restart GL_ARB_seamless_cube_map GL_ARB_seamless_cubemap_per_texture GL_ARB_uniform_buffer_object GL_ARB_depth_clamp GL_ARB_vertex_array_bgra GL_ARB_shader_bit_encoding GL_ARB_draw_buffers_blend GL_ARB_geometry_shader4 GL_EXT_geometry_shader4 GL_ARB_texture_query_lod GL_ARB_explicit_attrib_location GL_ARB_draw_elements_base_vertex GL_EXT_shader_integer_mix GL_ARB_instanced_arrays GL_ARB_base_instance GL_ARB_fragment_coord_conventions GL_EXT_gpu_program_parameters GL_ARB_texture_buffer_object_rgb32 GL_ARB_compatibility GL_ARB_texture_rgb10_a2ui GL_ARB_texture_multisample GL_ARB_vertex_type_2_10_10_10_rev GL_ARB_vertex_type_10f_11f_11f_rev GL_ARB_timer_query GL_ARB_tessellation_shader GL_ARB_vertex_array_object GL_ARB_provoking_vertex GL_ARB_sample_shading GL_ARB_texture_cube_map_array GL_EXT_gpu_shader4 GL_ARB_gpu_shader5 GL_ARB_gpu_shader_fp64 GL_INTEL_fragment_shader_ordering GL_ARB_fragment_shader_interlock GL_ARB_clip_control GL_ARB_shader_subroutine GL_ARB_transform_feedback3 GL_ARB_get_program_binary GL_ARB_separate_shader_objects GL_ARB_shader_precision GL_ARB_vertex_attrib_64bit GL_ARB_viewport_array GL_ARB_transform_feedback_instanced GL_ARB_compressed_texture_pixel_storage GL_ARB_shader_atomic_counters GL_ARB_shading_language_packing GL_ARB_shader_image_load_store GL_ARB_shading_language_420pack GL_ARB_texture_storage GL_EXT_texture_storage GL_ARB_compute_shader GL_ARB_vertex_attrib_binding GL_ARB_texture_view GL_ARB_fragment_layer_viewport GL_ARB_multi_draw_indirect GL_ARB_program_interface_query GL_ARB_shader_image_size GL_ARB_shader_storage_buffer_object GL_ARB_texture_storage_multisample GL_ARB_buffer_storage GL_AMD_vertex_shader_layer GL_AMD_vertex_shader_viewport_index GL_ARB_query_buffer_object GL_EXT_polygon_offset_clamp GL_ARB_clear_texture GL_ARB_texture_mirror_clamp_to_edge GL_ARB_debug_output GL_ARB_enhanced_layouts GL_KHR_debug GL_ARB_arrays_of_arrays GL_ARB_texture_query_levels GL_ARB_invalidate_subdata GL_ARB_clear_buffer_object GL_INTEL_map_texture GL_ARB_texture_compression_bptc GL_ARB_ES2_compatibility GL_ARB_ES3_compatibility GL_ARB_robustness GL_ARB_robust_buffer_access_behavior GL_EXT_texture_sRGB_decode GL_ARB_copy_image GL_KHR_blend_equation_advanced GL_EXT_direct_state_access GL_ARB_stencil_texturing GL_ARB_texture_stencil8 GL_ARB_explicit_uniform_location GL_ARB_multi_bind GL_ARB_indirect_parameters 
23:54:40: Supported WGL extensions: WGL_EXT_depth_float WGL_ARB_buffer_region WGL_ARB_extensions_string WGL_ARB_make_current_read WGL_ARB_pixel_format WGL_ARB_pbuffer WGL_EXT_extensions_string WGL_EXT_swap_control WGL_EXT_swap_control_tear WGL_ARB_multisample WGL_ARB_pixel_format_float WGL_ARB_framebuffer_sRGB WGL_ARB_create_context WGL_ARB_create_context_profile WGL_EXT_pixel_format_packed_float WGL_EXT_create_context_es_profile WGL_EXT_create_context_es2_profile WGL_NV_DX_interop WGL_ARB_create_context_robustness 
23:54:40: ***************************
23:54:40: *** GL Renderer Started ***
23:54:40: ***************************
23:54:40: Registering ResourceManager for type GpuProgram
23:54:40: GLSL support detected
23:54:40: GL: Using GL_EXT_framebuffer_object for rendering to textures (best)
23:54:40: FBO PF_UNKNOWN depth/stencil support: D0S1 D0S4 D0S8 D0S16 D16S0 D16S1 D16S4 D16S8 D16S16 D24S0 D24S1 D24S4 D24S8 D24S16 D32S0 D32S1 D32S4 D32S8 D32S16 Packed-D24S8 
23:54:40: FBO PF_A8 depth/stencil support: D0S0 D0S1 D0S4 D0S8 D0S16 D16S0 D16S1 D16S4 D16S8 D16S16 D24S0 D24S1 D24S4 D24S8 D24S16 D32S0 D32S1 D32S4 D32S8 D32S16 Packed-D24S8 
23:54:40: FBO PF_R5G6B5 depth/stencil support: D0S0 D0S1 D0S4 D0S8 D0S16 D16S0 D16S1 D16S4 D16S8 D16S16 D24S0 D24S1 D24S4 D24S8 D24S16 D32S0 D32S1 D32S4 D32S8 D32S16 Packed-D24S8 
23:54:40: FBO PF_B5G6R5 depth/stencil support: D0S0 D0S1 D0S4 D0S8 D0S16 D16S0 D16S1 D16S4 D16S8 D16S16 D24S0 D24S1 D24S4 D24S8 D24S16 D32S0 D32S1 D32S4 D32S8 D32S16 Packed-D24S8 
23:54:40: FBO PF_A4R4G4B4 depth/stencil support: D0S0 D0S1 D0S4 D0S8 D0S16 D16S0 D16S1 D16S4 D16S8 D16S16 D24S0 D24S1 D24S4 D24S8 D24S16 D32S0 D32S1 D32S4 D32S8 D32S16 Packed-D24S8 
23:54:40: FBO PF_A1R5G5B5 depth/stencil support: D0S0 D0S1 D0S4 D0S8 D0S16 D16S0 D16S1 D16S4 D16S8 D16S16 D24S0 D24S1 D24S4 D24S8 D24S16 D32S0 D32S1 D32S4 D32S8 D32S16 Packed-D24S8 
23:54:40: FBO PF_R8G8B8 depth/stencil support: D0S0 D0S1 D0S4 D0S8 D0S16 D16S0 D16S1 D16S4 D16S8 D16S16 D24S0 D24S1 D24S4 D24S8 D24S16 D32S0 D32S1 D32S4 D32S8 D32S16 Packed-D24S8 
23:54:40: FBO PF_B8G8R8 depth/stencil support: D0S0 D0S1 D0S4 D0S8 D0S16 D16S0 D16S1 D16S4 D16S8 D16S16 D24S0 D24S1 D24S4 D24S8 D24S16 D32S0 D32S1 D32S4 D32S8 D32S16 Packed-D24S8 
23:54:40: FBO PF_A8R8G8B8 depth/stencil support: D0S0 D0S1 D0S4 D0S8 D0S16 D16S0 D16S1 D16S4 D16S8 D16S16 D24S0 D24S1 D24S4 D24S8 D24S16 D32S0 D32S1 D32S4 D32S8 D32S16 Packed-D24S8 
23:54:40: FBO PF_B8G8R8A8 depth/stencil support: D0S0 D0S1 D0S4 D0S8 D0S16 D16S0 D16S1 D16S4 D16S8 D16S16 D24S0 D24S1 D24S4 D24S8 D24S16 D32S0 D32S1 D32S4 D32S8 D32S16 Packed-D24S8 
23:54:40: FBO PF_A2R10G10B10 depth/stencil support: D0S0 D0S1 D0S4 D0S8 D0S16 D16S0 D16S1 D16S4 D16S8 D16S16 D24S0 D24S1 D24S4 D24S8 D24S16 D32S0 D32S1 D32S4 D32S8 D32S16 Packed-D24S8 
23:54:40: FBO PF_A2B10G10R10 depth/stencil support: D0S0 D0S1 D0S4 D0S8 D0S16 D16S0 D16S1 D16S4 D16S8 D16S16 D24S0 D24S1 D24S4 D24S8 D24S16 D32S0 D32S1 D32S4 D32S8 D32S16 Packed-D24S8 
23:54:40: FBO PF_FLOAT16_RGB depth/stencil support: D0S0 D0S1 D0S4 D0S8 D0S16 D16S0 D16S1 D16S4 D16S8 D16S16 D24S0 D24S1 D24S4 D24S8 D24S16 D32S0 D32S1 D32S4 D32S8 D32S16 Packed-D24S8 
23:54:40: FBO PF_FLOAT16_RGBA depth/stencil support: D0S0 D0S1 D0S4 D0S8 D0S16 D16S0 D16S1 D16S4 D16S8 D16S16 D24S0 D24S1 D24S4 D24S8 D24S16 D32S0 D32S1 D32S4 D32S8 D32S16 Packed-D24S8 
23:54:40: FBO PF_FLOAT32_RGB depth/stencil support: D0S0 D0S1 D0S4 D0S8 D0S16 D16S0 D16S1 D16S4 D16S8 D16S16 D24S0 D24S1 D24S4 D24S8 D24S16 D32S0 D32S1 D32S4 D32S8 D32S16 Packed-D24S8 
23:54:40: FBO PF_FLOAT32_RGBA depth/stencil support: D0S0 D0S1 D0S4 D0S8 D0S16 D16S0 D16S1 D16S4 D16S8 D16S16 D24S0 D24S1 D24S4 D24S8 D24S16 D32S0 D32S1 D32S4 D32S8 D32S16 Packed-D24S8 
23:54:40: FBO PF_X8R8G8B8 depth/stencil support: D0S0 D0S1 D0S4 D0S8 D0S16 D16S0 D16S1 D16S4 D16S8 D16S16 D24S0 D24S1 D24S4 D24S8 D24S16 D32S0 D32S1 D32S4 D32S8 D32S16 Packed-D24S8 
23:54:40: FBO PF_X8B8G8R8 depth/stencil support: D0S0 D0S1 D0S4 D0S8 D0S16 D16S0 D16S1 D16S4 D16S8 D16S16 D24S0 D24S1 D24S4 D24S8 D24S16 D32S0 D32S1 D32S4 D32S8 D32S16 Packed-D24S8 
23:54:40: FBO PF_SHORT_RGBA depth/stencil support: D0S0 D0S1 D0S4 D0S8 D0S16 D16S0 D16S1 D16S4 D16S8 D16S16 D24S0 D24S1 D24S4 D24S8 D24S16 D32S0 D32S1 D32S4 D32S8 D32S16 Packed-D24S8 
23:54:40: FBO PF_R3G3B2 depth/stencil support: D0S0 D0S1 D0S4 D0S8 D0S16 D16S0 D16S1 D16S4 D16S8 D16S16 D24S0 D24S1 D24S4 D24S8 D24S16 D32S0 D32S1 D32S4 D32S8 D32S16 Packed-D24S8 
23:54:40: FBO PF_SHORT_RGB depth/stencil support: D0S0 D0S1 D0S4 D0S8 D0S16 D16S0 D16S1 D16S4 D16S8 D16S16 D24S0 D24S1 D24S4 D24S8 D24S16 D32S0 D32S1 D32S4 D32S8 D32S16 Packed-D24S8 
23:54:40: [GL] : Valid FBO targets PF_UNKNOWN PF_A8 PF_R5G6B5 PF_B5G6R5 PF_A4R4G4B4 PF_A1R5G5B5 PF_R8G8B8 PF_B8G8R8 PF_A8R8G8B8 PF_B8G8R8A8 PF_A2R10G10B10 PF_A2B10G10R10 PF_FLOAT16_RGB PF_FLOAT16_RGBA PF_FLOAT32_RGB PF_FLOAT32_RGBA PF_X8R8G8B8 PF_X8B8G8R8 PF_SHORT_RGBA PF_R3G3B2 PF_SHORT_RGB 
23:54:40: RenderSystem capabilities
23:54:40: -------------------------
23:54:40: RenderSystem Name: OpenGL Rendering Subsystem
23:54:40: GPU Vendor: intel
23:54:40: Device Name: Intel(R) HD Graphics 4600
23:54:40: Driver Version: 4.3.0.0
23:54:40:  * Fixed function pipeline: yes
23:54:40:  * Hardware generation of mipmaps: no
23:54:40:  * Texture blending: yes
23:54:40:  * Anisotropic texture filtering: yes
23:54:40:  * Dot product texture operation: yes
23:54:40:  * Cube mapping: yes
23:54:40:  * Hardware stencil buffer: yes
23:54:40:    - Stencil depth: 8
23:54:40:    - Two sided stencil support: yes
23:54:40:    - Wrap stencil values: yes
23:54:40:  * Hardware vertex / index buffers: yes
23:54:40:  * 32-bit index buffers: yes
23:54:40:  * Vertex programs: yes
23:54:40:  * Number of floating-point constants for vertex programs: 256
23:54:40:  * Number of integer constants for vertex programs: 0
23:54:40:  * Number of boolean constants for vertex programs: 0
23:54:40:  * Fragment programs: yes
23:54:40:  * Number of floating-point constants for fragment programs: 256
23:54:40:  * Number of integer constants for fragment programs: 0
23:54:40:  * Number of boolean constants for fragment programs: 0
23:54:40:  * Geometry programs: yes
23:54:40:  * Number of floating-point constants for geometry programs: 4096
23:54:40:  * Number of integer constants for geometry programs: 0
23:54:40:  * Number of boolean constants for geometry programs: 0
23:54:40:  * Tesselation Hull programs: no
23:54:40:  * Number of floating-point constants for tesselation hull programs: 0
23:54:40:  * Number of integer constants for tesselation hull programs: 0
23:54:40:  * Number of boolean constants for tesselation hull programs: 0
23:54:40:  * Tesselation Domain programs: no
23:54:40:  * Number of floating-point constants for tesselation domain programs: 0
23:54:40:  * Number of integer constants for tesselation domain programs: 0
23:54:40:  * Number of boolean constants for tesselation domain programs: 0
23:54:40:  * Compute programs: no
23:54:40:  * Number of floating-point constants for compute programs: 0
23:54:40:  * Number of integer constants for compute programs: 0
23:54:40:  * Number of boolean constants for compute programs: 0
23:54:40:  * Supported Shader Profiles: arbfp1 arbvp1 glsl glsl100 glsl110 glsl120 gp4gp gpu_gp nvgp4
23:54:40:  * Texture Compression: yes
23:54:40:    - DXT: yes
23:54:40:    - VTC: no
23:54:40:    - PVRTC: no
23:54:40:    - ATC: no
23:54:40:    - ETC1: no
23:54:40:    - ETC2: no
23:54:40:    - BC4/BC5: no
23:54:40:    - BC6H/BC7: no
23:54:40:  * Scissor Rectangle: yes
23:54:40:  * Hardware Occlusion Query: yes
23:54:40:  * User clip planes: yes
23:54:40:  * VET_UBYTE4 vertex element type: yes
23:54:40:  * Infinite far plane projection: yes
23:54:40:  * Hardware render-to-texture: yes
23:54:40:  * Floating point textures: yes
23:54:40:  * Non-power-of-two textures: yes
23:54:40:  * 1d textures: yes
23:54:40:  * Volume textures: yes
23:54:40:  * Multiple Render Targets: 8
23:54:40:    - With different bit depths: yes
23:54:40:  * Point Sprites: yes
23:54:40:  * Extended point parameters: yes
23:54:40:  * Max Point Size: 255
23:54:40:  * Vertex texture fetch: yes
23:54:40:  * Number of world matrices: 0
23:54:40:  * Number of texture units: 16
23:54:40:  * Stencil buffer depth: 8
23:54:40:  * Number of vertex blend matrices: 0
23:54:40:    - Max vertex textures: 32
23:54:40:    - Vertex textures shared: yes
23:54:40:  * Render to Vertex Buffer : no
23:54:40:  * Hardware Atomic Counters: no
23:54:40:  * GL 1.5 without VBO workaround: no
23:54:40:  * Frame Buffer objects: yes
23:54:40:  * Frame Buffer objects (ARB extension): no
23:54:40:  * Frame Buffer objects (ATI extension): no
23:54:40:  * PBuffer support: yes
23:54:40:  * GL 1.5 without HW-occlusion workaround: no
23:54:40:  * Vertex Array Objects: no
23:54:40:  * Separate shader objects: no
23:54:40: DefaultWorkQueue('Root') initialising on thread 2734.
23:54:40: DefaultWorkQueue('Root')::WorkerFunc - thread 2b88 starting.
23:54:40: DefaultWorkQueue('Root')::WorkerFunc - thread 6c starting.
23:54:40: DefaultWorkQueue('Root')::WorkerFunc - thread 1610 starting.
23:54:40: DefaultWorkQueue('Root')::WorkerFunc - thread 235c starting.
23:54:40: DefaultWorkQueue('Root')::WorkerFunc - thread 2a30 starting.
23:54:40: DefaultWorkQueue('Root')::WorkerFunc - thread 1d50 starting.
23:54:40: DefaultWorkQueue('Root')::WorkerFunc - thread 2be0 starting.
23:54:40: DefaultWorkQueue('Root')::WorkerFunc - thread 204c starting.
23:54:40: Particle Renderer Type 'billboard' registered
23:54:40: SceneManagerFactory for type 'OctreeSceneManager' registered.
23:54:40: OverlayElementFactory for type Panel registered.
23:54:40: OverlayElementFactory for type BorderPanel registered.
23:54:40: OverlayElementFactory for type TextArea registered.
23:54:40: Registering ResourceManager for type Font
23:54:40: Added resource location 'resource.zip' of type 'Zip' to resource group 'General'
23:54:40: Added resource location './' of type 'FileSystem' to resource group 'General'
23:54:40: Parsing scripts for resource group Autodetect
23:54:40: Finished parsing scripts for resource group Autodetect
23:54:40: Creating resources for group Autodetect
23:54:40: All done
23:54:40: Parsing scripts for resource group General
23:54:40: Parsing script Dustin.material
23:54:40: Parsing script Information.material
23:54:40: Parsing script KPU_LOGO.material
23:54:40: Parsing script asphalt.material
23:54:40: Parsing script axes.material
23:54:40: Parsing script fish.material
23:54:40: Parsing script ninja.material
23:54:40: Parsing script lecture.fontdef
23:54:40: Parsing script Information.overlay
23:54:40: Texture: DebugBG.png: Loading 1 faces(PF_A8R8G8B8,256x128x1) with 8 generated mipmaps from Image. Internal format is PF_A8R8G8B8,256x128x1.
23:54:40: Parsing script Title.overlay
23:54:40: Texture: KPU_LOGO.gif: Loading 1 faces(PF_A8R8G8B8,215x222x1) with 7 generated mipmaps from Image. Internal format is PF_A8R8G8B8,215x222x1.
23:54:40: Finished parsing scripts for resource group General
23:54:40: Creating resources for group General
23:54:40: All done
23:54:40: Parsing scripts for resource group Internal
23:54:40: Finished parsing scripts for resource group Internal
23:54:40: Creating resources for group Internal
23:54:40: All done
23:54:41: Font Font/NanumBold18 using texture size 4096x4096
23:54:41: Info: Freetype returned null for character 160 in font Font/NanumBold18
23:54:41: Info: Freetype returned null for character 12644 in font Font/NanumBold18
23:54:42: Texture: Font/NanumBold18Texture: Loading 1 faces(PF_BYTE_LA,4096x4096x1) with 0 generated mipmaps from Image. Internal format is PF_BYTE_LA,4096x4096x1.
23:54:42: Mesh: Loading axes.mesh.
23:54:42: WARNING: axes.mesh is an older format ([MeshSerializer_v1.30]); you should upgrade it as soon as possible using the OgreMeshUpgrade tool.
23:54:42: Texture: axes.png: Loading 1 faces(PF_R8G8B8,256x256x1) with 8 generated mipmaps from Image. Internal format is PF_X8R8G8B8,256x256x1.
23:54:42: Can't assign material GridPlaneMaterial to the ManualObject GridPlane because this Material does not exist. Have you forgotten to define it in a .material script?
23:54:42: Can't assign material asphalt to SubEntity of GroundPlane because this Material does not exist. Have you forgotten to define it in a .material script?
23:54:42: Mesh: Loading DustinBody.mesh.
23:54:42: Skeleton: Loading DustinBody_mesh.skeleton
23:54:42: WARNING: DustinBody.mesh is an older format ([MeshSerializer_v1.41]); you should upgrade it as soon as possible using the OgreMeshUpgrade tool.
23:54:43: Texture: dustinbody.png: Loading 1 faces(PF_A8R8G8B8,1024x1024x1) with 10 generated mipmaps from Image. Internal format is PF_A8R8G8B8,1024x1024x1.
23:54:43: Texture: DustinFace.png: Loading 1 faces(PF_A8R8G8B8,1024x1024x1) with 10 generated mipmaps from Image. Internal format is PF_A8R8G8B8,1024x1024x1.
23:54:43: Texture: dustinface.png: Loading 1 faces(PF_A8R8G8B8,1024x1024x1) with 10 generated mipmaps from Image. Internal format is PF_A8R8G8B8,1024x1024x1.
23:54:44: OGRE EXCEPTION(7:InternalErrorException): Cannot load GL vertex program Ogre/ShadowExtrudeDirLightFiniteDebug.  Line 297:
Error, line 12: unknown identifier 'R1'.
Error, line 12: invalid destination register.
Error, line 13: unknown identifier 'R1'.
Error, line 13: unknown identifier 'R1'.
Error, line 13: invalid destination register.
Error, line 13: invalid source register.
Error, line 14: unknown identifier 'R1'.
Error, line 14: invalid source register.
 in Ogre/ShadowExtrudeDirLightFiniteDebug at E:\Work\Source\OGRE\RenderSystems\GL\src\OgreGLGpuProgram.cpp (line 251)
23:54:44: Gpu program Ogre/ShadowExtrudeDirLightFiniteDebug encountered an error during loading and is thus not supported.
23:54:44: Texture: spot_shadow_fade.png: Loading 1 faces(PF_R8G8B8,128x128x1) with 7 generated mipmaps from Image. Internal format is PF_X8R8G8B8,128x128x1.
23:54:45: DefaultWorkQueue('Root') shutting down on thread 2734.
23:54:45: DefaultWorkQueue('Root')::WorkerFunc - thread 2be0 stopped.
23:54:45: DefaultWorkQueue('Root')::WorkerFunc - thread 235c stopped.
23:54:45: DefaultWorkQueue('Root')::WorkerFunc - thread 1610 stopped.
23:54:45: DefaultWorkQueue('Root')::WorkerFunc - thread 204c stopped.
23:54:45: DefaultWorkQueue('Root')::WorkerFunc - thread 6c stopped.
23:54:45: DefaultWorkQueue('Root')::WorkerFunc - thread 2b88 stopped.
23:54:45: DefaultWorkQueue('Root')::WorkerFunc - thread 2a30 stopped.
23:54:45: DefaultWorkQueue('Root')::WorkerFunc - thread 1d50 stopped.
23:54:45: *-*-* OGRE Shutdown
23:54:45: Unregistering ResourceManager for type Compositor
23:54:45: Unregistering ResourceManager for type Skeleton
23:54:45: Unregistering ResourceManager for type Mesh
23:54:45: Unregistering ResourceManager for type HighLevelGpuProgram
23:54:45: Uninstalling plugin: Octree Scene Manager
23:54:45: Plugin successfully uninstalled
23:54:45: Unloading library .\Plugin_OctreeSceneManager_d
23:54:45: Uninstalling plugin: GL RenderSystem
23:54:45: Unregistering ResourceManager for type GpuProgram
23:54:45: *** Stopping Win32GL Subsystem ***
23:54:45: Unregistering ResourceManager for type Texture
23:54:45: Plugin successfully uninstalled
23:54:45: Unloading library .\RenderSystem_GL_d
23:54:45: Unregistering ResourceManager for type Material
